  main.cpp
c:\users\autergame\documents\visual studio 2017\projects\mindcorpviewer\mindcorpviewer\skl.h(271): warning C4244: 'argument': conversion from 'T' to 'const unsigned int', possible loss of data
          with
          [
              T=float
          ]
c:\users\autergame\documents\visual studio 2017\projects\mindcorpviewer\mindcorpviewer\skl.h(271): warning C4244: '=': conversion from '_Ty' to 'T', possible loss of data
          with
          [
              _Ty=uint32_t
          ]
          and
          [
              T=float
          ]
main.cpp(480): warning C4477: 'sscanf_s' : format string '%d' requires an argument of type 'int *', but variadic argument 4 has type 'bool *'
main.cpp(737): warning C4018: '>': signed/unsigned mismatch
main.cpp(926): warning C4244: 'argument': conversion from 'int' to 'float', possible loss of data
  glad.obj : MSIL .netmodule or module compiled with /GL found; restarting link with /LTCG; add /LTCG to the link command line to improve linker performance
  Generating code
  Finished generating code
  MindCorpViewer.vcxproj -> C:\Users\autergame\Documents\Visual Studio 2017\Projects\MindCorpViewer\Release\MindCorpViewer.exe
