  main.cpp
c:\users\autergame\documents\visual studio 2017\projects\mindcorpviewer\mindcorpviewer\skl.h(270): warning C4244: 'argument': conversion from 'T' to 'const unsigned int', possible loss of data
          with
          [
              T=float
          ]
c:\users\autergame\documents\visual studio 2017\projects\mindcorpviewer\mindcorpviewer\skl.h(270): warning C4244: '=': conversion from '_Ty' to 'T', possible loss of data
          with
          [
              _Ty=uint32_t
          ]
          and
          [
              T=float
          ]
c:\users\autergame\documents\visual studio 2017\projects\mindcorpviewer\mindcorpviewer\skl.h(271): warning C4244: 'argument': conversion from 'T' to 'const unsigned int', possible loss of data
          with
          [
              T=float
          ]
c:\users\autergame\documents\visual studio 2017\projects\mindcorpviewer\mindcorpviewer\skl.h(271): warning C4244: '=': conversion from '_Ty' to 'T', possible loss of data
          with
          [
              _Ty=uint32_t
          ]
          and
          [
              T=float
          ]
c:\users\autergame\documents\visual studio 2017\projects\mindcorpviewer\mindcorpviewer\skl.h(272): warning C4244: 'argument': conversion from 'T' to 'const unsigned int', possible loss of data
          with
          [
              T=float
          ]
c:\users\autergame\documents\visual studio 2017\projects\mindcorpviewer\mindcorpviewer\skl.h(272): warning C4244: '=': conversion from '_Ty' to 'T', possible loss of data
          with
          [
              _Ty=uint32_t
          ]
          and
          [
              T=float
          ]
c:\users\autergame\documents\visual studio 2017\projects\mindcorpviewer\mindcorpviewer\skl.h(273): warning C4244: 'argument': conversion from 'T' to 'const unsigned int', possible loss of data
          with
          [
              T=float
          ]
c:\users\autergame\documents\visual studio 2017\projects\mindcorpviewer\mindcorpviewer\skl.h(273): warning C4244: '=': conversion from '_Ty' to 'T', possible loss of data
          with
          [
              _Ty=uint32_t
          ]
          and
          [
              T=float
          ]
  MindCorpViewer.vcxproj -> C:\Users\autergame\Documents\Visual Studio 2017\Projects\MindCorpViewer\Debug\MindCorpViewer.exe
