  glad.c
  imgui.cpp
  imgui_demo.cpp
  imgui_draw.cpp
  imgui_impl_opengl3.cpp
  imgui_impl_glfw.cpp
  imgui_tables.cpp
  imgui_widgets.cpp
  main.cpp
C:\Users\autergame\Documents\Visual Studio 2019\Projects\MindCorpViewer\MindCorpViewer\skn.h(9,13): warning C4267: 'return': conversion from 'size_t' to 'uint32_t', possible loss of data
C:\Users\autergame\Documents\Visual Studio 2019\Projects\MindCorpViewer\MindCorpViewer\skl.h(261,9): warning C4477: 'printf' : format string '%u' requires an argument of type 'unsigned int', but variadic argument 3 has type 'unsigned __int64'
C:\Users\autergame\Documents\Visual Studio 2019\Projects\MindCorpViewer\MindCorpViewer\skl.h(261,9): message : consider using '%zu' in the format string
C:\Users\autergame\Documents\Visual Studio 2019\Projects\MindCorpViewer\MindCorpViewer\skl.h(261,9): warning C4477: 'printf' : format string '%d' requires an argument of type 'int', but variadic argument 4 has type 'unsigned __int64'
C:\Users\autergame\Documents\Visual Studio 2019\Projects\MindCorpViewer\MindCorpViewer\skl.h(261,9): message : consider using '%zd' in the format string
C:\Users\autergame\Documents\Visual Studio 2019\Projects\MindCorpViewer\MindCorpViewer\main.cpp(237,97): warning C4267: 'argument': conversion from 'size_t' to 'int', possible loss of data
C:\Users\autergame\Documents\Visual Studio 2019\Projects\MindCorpViewer\MindCorpViewer\main.cpp(402,52): warning C4244: '=': conversion from 'sizem_t' to 'int', possible loss of data
C:\Users\autergame\Documents\Visual Studio 2019\Projects\MindCorpViewer\MindCorpViewer\main.cpp(731,24): warning C4267: 'argument': conversion from 'size_t' to 'int', possible loss of data
C:\Users\autergame\Documents\Visual Studio 2019\Projects\MindCorpViewer\MindCorpViewer\main.cpp(736,25): warning C4267: 'argument': conversion from 'size_t' to 'int', possible loss of data
C:\Users\autergame\Documents\Visual Studio 2019\Projects\MindCorpViewer\MindCorpViewer\main.cpp(743,57): warning C4312: 'type cast': conversion from 'GLuint' to 'void *' of greater size
C:\Users\autergame\Documents\Visual Studio 2019\Projects\MindCorpViewer\MindCorpViewer\main.cpp(788,99): warning C4267: 'argument': conversion from 'size_t' to 'GLsizei', possible loss of data
C:\Users\autergame\Documents\Visual Studio 2019\Projects\MindCorpViewer\MindCorpViewer\main.cpp(826,46): warning C4267: 'argument': conversion from 'size_t' to 'GLsizei', possible loss of data
C:\Users\autergame\Documents\Visual Studio 2019\Projects\MindCorpViewer\MindCorpViewer\main.cpp(834,48): warning C4267: 'argument': conversion from 'size_t' to 'GLsizei', possible loss of data
C:\Users\autergame\Documents\Visual Studio 2019\Projects\MindCorpViewer\MindCorpViewer\main.cpp(953,20): warning C4477: 'fprintf' : format string '%d' requires an argument of type 'int', but variadic argument 2 has type 'size_t'
C:\Users\autergame\Documents\Visual Studio 2019\Projects\MindCorpViewer\MindCorpViewer\main.cpp(953,20): message : consider using '%zd' in the format string
C:\Program Files (x86)\Microsoft Visual Studio\2019\Preview\VC\Tools\MSVC\14.28.29617\include\utility(190,1): warning C4267: 'initializing': conversion from 'size_t' to '_Ty1', possible loss of data
          with
          [
              _Ty1=int
          ]
C:\Users\autergame\Documents\Visual Studio 2019\Projects\MindCorpViewer\MindCorpViewer\main.cpp(385): message : see reference to function template instantiation 'std::pair<int,bool>::pair<sizem_t&,sizem_t&,0>(_Other1,_Other2) noexcept' being compiled
          with
          [
              _Other1=sizem_t &,
              _Other2=sizem_t &
          ]
C:\Users\autergame\Documents\Visual Studio 2019\Projects\MindCorpViewer\MindCorpViewer\main.cpp(382): message : see reference to function template instantiation 'std::pair<int,bool>::pair<sizem_t&,sizem_t&,0>(_Other1,_Other2) noexcept' being compiled
          with
          [
              _Other1=sizem_t &,
              _Other2=sizem_t &
          ]
C:\Program Files (x86)\Microsoft Visual Studio\2019\Preview\VC\Tools\MSVC\14.28.29617\include\xmemory(693,1): warning C4267: 'initializing': conversion from 'size_t' to '_Objty', possible loss of data
          with
          [
              _Objty=int
          ]
C:\Program Files (x86)\Microsoft Visual Studio\2019\Preview\VC\Tools\MSVC\14.28.29617\include\vector(689): message : see reference to function template instantiation 'void std::_Default_allocator_traits<_Alloc>::construct<_Ty,_Ty1&>(_Alloc &,_Objty *const ,_Ty1 &)' being compiled
          with
          [
              _Alloc=std::allocator<int>,
              _Ty=int,
              _Ty1=size_t,
              _Objty=int
          ]
C:\Program Files (x86)\Microsoft Visual Studio\2019\Preview\VC\Tools\MSVC\14.28.29617\include\vector(694): message : see reference to function template instantiation 'void std::_Default_allocator_traits<_Alloc>::construct<_Ty,_Ty1&>(_Alloc &,_Objty *const ,_Ty1 &)' being compiled
          with
          [
              _Alloc=std::allocator<int>,
              _Ty=int,
              _Ty1=size_t,
              _Objty=int
          ]
C:\Program Files (x86)\Microsoft Visual Studio\2019\Preview\VC\Tools\MSVC\14.28.29617\include\vector(707): message : see reference to function template instantiation 'void std::vector<int,std::allocator<int>>::_Emplace_back_with_unused_capacity<_Ty1&>(_Ty1 &)' being compiled
          with
          [
              _Ty1=size_t
          ]
C:\Users\autergame\Documents\Visual Studio 2019\Projects\MindCorpViewer\MindCorpViewer\main.cpp(651): message : see reference to function template instantiation 'void std::vector<int,std::allocator<int>>::emplace_back<_Ty1&>(_Ty1 &)' being compiled
          with
          [
              _Ty1=size_t
          ]
     Creating library C:\Users\autergame\Documents\Visual Studio 2019\Projects\MindCorpViewer\x64\Release\MindCorpViewer.lib and object C:\Users\autergame\Documents\Visual Studio 2019\Projects\MindCorpViewer\x64\Release\MindCorpViewer.exp
  Generating code
  Previous IPDB not found, fall back to full compilation.
  All 3305 functions were compiled because no usable IPDB/IOBJ from previous compilation was found.
  Finished generating code
  MindCorpViewer.vcxproj -> C:\Users\autergame\Documents\Visual Studio 2019\Projects\MindCorpViewer\x64\Release\MindCorpViewer.exe
