c:\users\autergame\documents\visual studio 2019\projects\mindcorpviewer\mindcorpviewer\x64\release\vc142.pdb
c:\users\autergame\documents\visual studio 2019\projects\mindcorpviewer\mindcorpviewer\x64\release\glad.obj
c:\users\autergame\documents\visual studio 2019\projects\mindcorpviewer\mindcorpviewer\x64\release\main.obj
c:\users\autergame\documents\visual studio 2019\projects\mindcorpviewer\mindcorpviewer\x64\release\imgui_widgets.obj
c:\users\autergame\documents\visual studio 2019\projects\mindcorpviewer\mindcorpviewer\x64\release\imgui_tables.obj
c:\users\autergame\documents\visual studio 2019\projects\mindcorpviewer\mindcorpviewer\x64\release\imgui_impl_glfw.obj
c:\users\autergame\documents\visual studio 2019\projects\mindcorpviewer\mindcorpviewer\x64\release\imgui_impl_opengl3.obj
c:\users\autergame\documents\visual studio 2019\projects\mindcorpviewer\mindcorpviewer\x64\release\imgui_draw.obj
c:\users\autergame\documents\visual studio 2019\projects\mindcorpviewer\mindcorpviewer\x64\release\imgui_demo.obj
c:\users\autergame\documents\visual studio 2019\projects\mindcorpviewer\mindcorpviewer\x64\release\imgui.obj
c:\users\autergame\documents\visual studio 2019\projects\mindcorpviewer\x64\release\mindcorpviewer.exe
c:\users\autergame\documents\visual studio 2019\projects\mindcorpviewer\mindcorpviewer\x64\release\mindcorpviewer.ipdb
c:\users\autergame\documents\visual studio 2019\projects\mindcorpviewer\mindcorpviewer\x64\release\mindcorpviewer.iobj
c:\users\autergame\documents\visual studio 2019\projects\mindcorpviewer\x64\release\mindcorpviewer.lib
c:\users\autergame\documents\visual studio 2019\projects\mindcorpviewer\x64\release\mindcorpviewer.exp
c:\users\autergame\documents\visual studio 2019\projects\mindcorpviewer\mindcorpviewer\x64\release\mindcorpviewer.tlog\cl.command.1.tlog
c:\users\autergame\documents\visual studio 2019\projects\mindcorpviewer\mindcorpviewer\x64\release\mindcorpviewer.tlog\cl.read.1.tlog
c:\users\autergame\documents\visual studio 2019\projects\mindcorpviewer\mindcorpviewer\x64\release\mindcorpviewer.tlog\cl.write.1.tlog
c:\users\autergame\documents\visual studio 2019\projects\mindcorpviewer\mindcorpviewer\x64\release\mindcorpviewer.tlog\link.command.1.tlog
c:\users\autergame\documents\visual studio 2019\projects\mindcorpviewer\mindcorpviewer\x64\release\mindcorpviewer.tlog\link.read.1.tlog
c:\users\autergame\documents\visual studio 2019\projects\mindcorpviewer\mindcorpviewer\x64\release\mindcorpviewer.tlog\link.write.1.tlog
c:\users\autergame\documents\visual studio 2019\projects\mindcorpviewer\mindcorpviewer\x64\release\mindcorpviewer.tlog\mindcorpviewer.write.1u.tlog
